app/build/intermediates/manifest_merge_blame_file/debug/manifest-merger-blame-debug-report.txt
1<?xml version="1.0" encoding="utf-8"?>
2<manifest xmlns:android="http://schemas.android.com/apk/res/android"
3    package="gr.nikolis.novibetgame"
4    android:versionCode="1"
5    android:versionName="1.0" >
6
7    <uses-sdk
8        android:minSdkVersion="24"
8-->src\main\AndroidManifest.xml
9        android:targetSdkVersion="28" />
9-->src\main\AndroidManifest.xml
10
11    <uses-permission android:name="android.permission.INTERNET" />
11-->src\main\AndroidManifest.xml:5:5-67
11-->src\main\AndroidManifest.xml:5:22-64
12    <uses-permission android:name="android.permission.ACCESS_NETWORK_STATE" />
12-->src\main\AndroidManifest.xml:6:5-79
12-->src\main\AndroidManifest.xml:6:22-76
13
14    <application
14-->src\main\AndroidManifest.xml:8:5-24:19
15        android:allowBackup="true"
15-->src\main\AndroidManifest.xml:9:9-35
16        android:appComponentFactory="android.support.v4.app.CoreComponentFactory"
16-->[com.android.support:support-compat:28.0.0] AndroidManifest.xml:22:18-91
17        android:debuggable="true"
18        android:icon="@mipmap/ic_launcher"
18-->src\main\AndroidManifest.xml:10:9-43
19        android:label="@string/app_name"
19-->src\main\AndroidManifest.xml:11:9-41
20        android:roundIcon="@mipmap/ic_launcher_round"
20-->src\main\AndroidManifest.xml:12:9-54
21        android:supportsRtl="true"
21-->src\main\AndroidManifest.xml:13:9-35
22        android:testOnly="true"
23        android:theme="@style/AppTheme" >
23-->src\main\AndroidManifest.xml:14:9-40
24        <activity android:name="gr.nikolis.novibetgame.ui.MainActivity" />
24-->src\main\AndroidManifest.xml:15:9-84
24-->src\main\AndroidManifest.xml:15:19-72
25        <activity android:name="gr.nikolis.novibetgame.ui.SplashActivity" >
25-->src\main\AndroidManifest.xml:16:9-22:20
25-->src\main\AndroidManifest.xml:16:19-74
26            <intent-filter>
26-->src\main\AndroidManifest.xml:17:13-21:29
27                <action android:name="android.intent.action.MAIN" />
27-->src\main\AndroidManifest.xml:18:17-69
27-->src\main\AndroidManifest.xml:18:25-66
28
29                <category android:name="android.intent.category.LAUNCHER" />
29-->src\main\AndroidManifest.xml:20:17-77
29-->src\main\AndroidManifest.xml:20:27-74
30            </intent-filter>
31        </activity>
32        <activity android:name="gr.nikolis.novibetgame.ui.LoginActivity" />
32-->src\main\AndroidManifest.xml:23:9-85
32-->src\main\AndroidManifest.xml:23:19-73
33
34        <provider
34-->[android.arch.lifecycle:extensions:1.1.1] AndroidManifest.xml:23:9-27:43
35            android:name="android.arch.lifecycle.ProcessLifecycleOwnerInitializer"
35-->[android.arch.lifecycle:extensions:1.1.1] AndroidManifest.xml:24:13-83
36            android:authorities="gr.nikolis.novibetgame.lifecycle-trojan"
36-->[android.arch.lifecycle:extensions:1.1.1] AndroidManifest.xml:25:13-68
37            android:exported="false"
37-->[android.arch.lifecycle:extensions:1.1.1] AndroidManifest.xml:26:13-37
38            android:multiprocess="true" />
38-->[android.arch.lifecycle:extensions:1.1.1] AndroidManifest.xml:27:13-40
39    </application>
40
41</manifest>